2025-12-21 20:13:24,918 - INFO - ============================================================
2025-12-21 20:13:24,918 - INFO - AI Scraping Defense Analysis v2.0 - Started
2025-12-21 20:13:24,919 - INFO - Timestamp: 2025-12-21T20:13:24.919564
2025-12-21 20:13:24,919 - INFO - Target file: targets.json
2025-12-21 20:13:24,919 - INFO - ============================================================
2025-12-21 20:13:24,920 - INFO - Loading target sites from targets.json
2025-12-21 20:13:24,921 - INFO - Loaded 82 sites for analysis
2025-12-21 20:13:24,921 - INFO - Processing 1/82: Dagens Nyheter
2025-12-21 20:13:24,922 - INFO - Fetching: https://www.dn.se/robots.txt
2025-12-21 20:13:25,007 - INFO - Classification: Tier 5: True Nuclear
2025-12-21 20:13:25,522 - INFO - Processing 2/82: Expressen
2025-12-21 20:13:25,522 - INFO - Fetching: https://www.expressen.se/robots.txt
2025-12-21 20:13:25,591 - INFO - Classification: Tier 5: True Nuclear
2025-12-21 20:13:26,097 - INFO - Processing 3/82: Sydsvenskan
2025-12-21 20:13:26,097 - INFO - Fetching: https://www.sydsvenskan.se/robots.txt
2025-12-21 20:13:26,161 - INFO - Classification: Tier 5: True Nuclear
2025-12-21 20:13:26,663 - INFO - Processing 4/82: Helsingborgs Dagblad
2025-12-21 20:13:26,663 - INFO - Fetching: https://www.hd.se/robots.txt
2025-12-21 20:13:26,733 - INFO - Classification: Tier 5: True Nuclear
2025-12-21 20:13:27,236 - INFO - Processing 5/82: Dagens Industri
2025-12-21 20:13:27,236 - INFO - Fetching: https://www.di.se/robots.txt
2025-12-21 20:13:27,280 - INFO - Classification: Tier 5: True Nuclear
2025-12-21 20:13:27,795 - INFO - Processing 6/82: Arbetarbladet
2025-12-21 20:13:27,795 - INFO - Fetching: https://www.arbetarbladet.se/robots.txt
2025-12-21 20:13:27,873 - INFO - Classification: Tier 5: True Nuclear
2025-12-21 20:13:28,388 - INFO - Processing 7/82: Gefle Dagblad
2025-12-21 20:13:28,388 - INFO - Fetching: https://www.gd.se/robots.txt
2025-12-21 20:13:28,491 - INFO - Classification: Tier 5: True Nuclear
2025-12-21 20:13:28,994 - INFO - Processing 8/82: Falu Kuriren
2025-12-21 20:13:28,994 - INFO - Fetching: https://www.falukuriren.se/robots.txt
2025-12-21 20:13:29,069 - INFO - Classification: Tier 5: True Nuclear
2025-12-21 20:13:29,585 - INFO - Processing 9/82: Östersunds-Posten
2025-12-21 20:13:29,585 - INFO - Fetching: https://www.op.se/robots.txt
2025-12-21 20:13:29,674 - INFO - Classification: Tier 5: True Nuclear
2025-12-21 20:13:30,180 - INFO - Processing 10/82: Sundsvalls Tidning
2025-12-21 20:13:30,180 - INFO - Fetching: https://www.st.nu/robots.txt
2025-12-21 20:13:30,269 - INFO - Classification: Tier 5: True Nuclear
2025-12-21 20:13:30,779 - INFO - Processing 11/82: Nerikes Allehanda
2025-12-21 20:13:30,780 - INFO - Fetching: https://www.na.se/robots.txt
2025-12-21 20:13:30,859 - INFO - Classification: Tier 5: True Nuclear
2025-12-21 20:13:31,371 - INFO - Processing 12/82: VLT
2025-12-21 20:13:31,371 - INFO - Fetching: https://www.vlt.se/robots.txt
2025-12-21 20:13:31,458 - INFO - Classification: Tier 5: True Nuclear
2025-12-21 20:13:31,961 - INFO - Processing 13/82: Länstidningen Södertälje
2025-12-21 20:13:31,961 - INFO - Fetching: https://www.lt.se/robots.txt
2025-12-21 20:13:32,046 - INFO - Classification: Tier 5: True Nuclear
2025-12-21 20:13:32,553 - INFO - Processing 14/82: Norrtelje Tidning
2025-12-21 20:13:32,553 - INFO - Fetching: https://www.norrteljetidning.se/robots.txt
2025-12-21 20:13:32,628 - INFO - Classification: Tier 5: True Nuclear
2025-12-21 20:13:33,135 - INFO - Processing 15/82: Mitti Stockholm
2025-12-21 20:13:33,135 - INFO - Fetching: https://www.mitti.se/robots.txt
2025-12-21 20:13:33,252 - INFO - Classification: Tier 5: True Nuclear
2025-12-21 20:13:33,759 - INFO - Processing 16/82: Södra Dalarnes Tidning
2025-12-21 20:13:33,759 - INFO - Fetching: https://www.sodran.se/robots.txt
2025-12-21 20:13:33,826 - INFO - Classification: Tier 5: True Nuclear
2025-12-21 20:13:34,331 - INFO - Processing 17/82: Mora Tidning
2025-12-21 20:13:34,331 - INFO - Fetching: https://www.moratidning.se/robots.txt
2025-12-21 20:13:34,400 - INFO - Classification: Tier 5: True Nuclear
2025-12-21 20:13:34,914 - INFO - Processing 18/82: Avesta Tidning
2025-12-21 20:13:34,914 - INFO - Fetching: https://www.avestatidning.com/robots.txt
2025-12-21 20:13:34,996 - INFO - Classification: Tier 5: True Nuclear
2025-12-21 20:13:35,507 - INFO - Processing 19/82: Ljusnan
2025-12-21 20:13:35,507 - INFO - Fetching: https://www.ljusnan.se/robots.txt
2025-12-21 20:13:35,602 - INFO - Classification: Tier 5: True Nuclear
2025-12-21 20:13:36,105 - INFO - Processing 20/82: Söderhamns-Kuriren
2025-12-21 20:13:36,105 - INFO - Fetching: https://www.soderhamnskuriren.se/robots.txt
2025-12-21 20:13:36,182 - INFO - Classification: Tier 5: True Nuclear
2025-12-21 20:13:36,687 - INFO - Processing 21/82: Hudiksvalls Tidning
2025-12-21 20:13:36,687 - INFO - Fetching: https://www.ht.se/robots.txt
2025-12-21 20:13:36,760 - INFO - Classification: Tier 5: True Nuclear
2025-12-21 20:13:37,270 - INFO - Processing 22/82: Ljusdals-Posten
2025-12-21 20:13:37,270 - INFO - Fetching: https://www.ljusdalsposten.se/robots.txt
2025-12-21 20:13:37,351 - INFO - Classification: Tier 5: True Nuclear
2025-12-21 20:13:37,853 - INFO - Processing 23/82: Aftonbladet
2025-12-21 20:13:37,853 - INFO - Fetching: https://www.aftonbladet.se/robots.txt
2025-12-21 20:13:38,025 - INFO - Classification: Tier 5: True Nuclear
2025-12-21 20:13:38,530 - INFO - Processing 24/82: Svenska Dagbladet
2025-12-21 20:13:38,530 - INFO - Fetching: https://www.svd.se/robots.txt
2025-12-21 20:13:38,679 - INFO - Classification: Tier 5: True Nuclear
2025-12-21 20:13:39,181 - INFO - Processing 25/82: Omni
2025-12-21 20:13:39,181 - INFO - Fetching: https://www.omni.se/robots.txt
2025-12-21 20:13:39,313 - INFO - Redirect detected: www.omni.se -> omni.se
2025-12-21 20:13:39,313 - INFO - Classification: Tier 5: True Nuclear
2025-12-21 20:13:39,817 - INFO - Processing 26/82: Omni Ekonomi
2025-12-21 20:13:39,817 - INFO - Fetching: https://omniekonomi.se/robots.txt
2025-12-21 20:13:39,950 - INFO - Classification: Tier 5: True Nuclear
2025-12-21 20:13:40,462 - INFO - Processing 27/82: Klart.se
2025-12-21 20:13:40,462 - INFO - Fetching: https://www.klart.se/robots.txt
2025-12-21 20:13:40,507 - INFO - Classification: Tier 5: True Nuclear
2025-12-21 20:13:41,017 - INFO - Processing 28/82: Tv.nu
2025-12-21 20:13:41,017 - INFO - Fetching: https://www.tv.nu/robots.txt
2025-12-21 20:13:41,103 - INFO - Classification: Tier 3: Surgical (Secure)
2025-12-21 20:13:41,609 - INFO - Processing 29/82: Norrköpings Tidningar
2025-12-21 20:13:41,609 - INFO - Fetching: https://nt.se/robots.txt
2025-12-21 20:13:41,761 - INFO - Redirect detected: nt.se -> www.nt.se
2025-12-21 20:13:41,761 - INFO - Classification: Tier 4b: Secured Nuclear (Google Search Only)
2025-12-21 20:13:42,271 - INFO - Processing 30/82: Upsala Nya Tidning
2025-12-21 20:13:42,271 - INFO - Fetching: https://unt.se/robots.txt
2025-12-21 20:13:42,446 - INFO - Redirect detected: unt.se -> www.unt.se
2025-12-21 20:13:42,446 - INFO - Classification: Tier 4b: Secured Nuclear (Google Search Only)
2025-12-21 20:13:42,952 - INFO - Processing 31/82: Östgöta Correspondenten
2025-12-21 20:13:42,952 - INFO - Fetching: https://corren.se/robots.txt
2025-12-21 20:13:43,109 - INFO - Redirect detected: corren.se -> www.corren.se
2025-12-21 20:13:43,109 - INFO - Classification: Tier 4b: Secured Nuclear (Google Search Only)
2025-12-21 20:13:43,619 - INFO - Processing 32/82: Norrbottens-Kuriren
2025-12-21 20:13:43,619 - INFO - Fetching: https://kuriren.nu/robots.txt
2025-12-21 20:13:43,775 - INFO - Redirect detected: kuriren.nu -> www.kuriren.nu
2025-12-21 20:13:43,775 - INFO - Classification: Tier 4b: Secured Nuclear (Google Search Only)
2025-12-21 20:13:44,277 - INFO - Processing 33/82: Norrländska Socialdemokraten
2025-12-21 20:13:44,277 - INFO - Fetching: https://nsd.se/robots.txt
2025-12-21 20:13:44,373 - INFO - Redirect detected: nsd.se -> www.nsd.se
2025-12-21 20:13:44,389 - INFO - Classification: Tier 4b: Secured Nuclear (Google Search Only)
2025-12-21 20:13:44,890 - INFO - Processing 34/82: Folkbladet
2025-12-21 20:13:44,890 - INFO - Fetching: https://folkbladet.se/robots.txt
2025-12-21 20:13:45,076 - INFO - Redirect detected: folkbladet.se -> www.folkbladet.se
2025-12-21 20:13:45,076 - INFO - Classification: Tier 4b: Secured Nuclear (Google Search Only)
2025-12-21 20:13:45,585 - INFO - Processing 35/82: Motala Vadstena Tidning
2025-12-21 20:13:45,585 - INFO - Fetching: https://mvt.se/robots.txt
2025-12-21 20:13:45,693 - INFO - Redirect detected: mvt.se -> www.mvt.se
2025-12-21 20:13:45,693 - INFO - Classification: Tier 4b: Secured Nuclear (Google Search Only)
2025-12-21 20:13:46,208 - INFO - Processing 36/82: Västerviks-Tidningen
2025-12-21 20:13:46,208 - INFO - Fetching: https://vt.se/robots.txt
2025-12-21 20:13:46,316 - INFO - Redirect detected: vt.se -> www.vt.se
2025-12-21 20:13:46,316 - INFO - Classification: Tier 4b: Secured Nuclear (Google Search Only)
2025-12-21 20:13:46,820 - INFO - Processing 37/82: Hela Gotland
2025-12-21 20:13:46,820 - INFO - Fetching: https://helagotland.se/robots.txt
2025-12-21 20:13:46,982 - INFO - Redirect detected: helagotland.se -> www.helagotland.se
2025-12-21 20:13:46,982 - INFO - Classification: Tier 4b: Secured Nuclear (Google Search Only)
2025-12-21 20:13:47,485 - INFO - Processing 38/82: Södermanlands Nyheter
2025-12-21 20:13:47,485 - INFO - Fetching: https://sn.se/robots.txt
2025-12-21 20:13:47,648 - INFO - Redirect detected: sn.se -> www.sn.se
2025-12-21 20:13:47,654 - INFO - Classification: Tier 4b: Secured Nuclear (Google Search Only)
2025-12-21 20:13:48,156 - INFO - Processing 39/82: Eskilstuna-Kuriren
2025-12-21 20:13:48,156 - INFO - Fetching: https://ekuriren.se/robots.txt
2025-12-21 20:13:48,254 - INFO - Redirect detected: ekuriren.se -> www.ekuriren.se
2025-12-21 20:13:48,254 - INFO - Classification: Tier 4b: Secured Nuclear (Google Search Only)
2025-12-21 20:13:48,769 - INFO - Processing 40/82: Katrineholms-Kuriren
2025-12-21 20:13:48,769 - INFO - Fetching: https://kkuriren.se/robots.txt
2025-12-21 20:13:48,951 - INFO - Redirect detected: kkuriren.se -> www.kkuriren.se
2025-12-21 20:13:48,951 - INFO - Classification: Tier 4b: Secured Nuclear (Google Search Only)
2025-12-21 20:13:49,459 - INFO - Processing 41/82: Enköpings-Posten
2025-12-21 20:13:49,459 - INFO - Fetching: https://eposten.se/robots.txt
2025-12-21 20:13:49,572 - INFO - Redirect detected: eposten.se -> www.eposten.se
2025-12-21 20:13:49,572 - INFO - Classification: Tier 4b: Secured Nuclear (Google Search Only)
2025-12-21 20:13:50,088 - INFO - Processing 42/82: Vimmerby Tidning
2025-12-21 20:13:50,088 - INFO - Fetching: https://vimmerbytidning.se/robots.txt
2025-12-21 20:13:50,215 - INFO - Redirect detected: vimmerbytidning.se -> www.vimmerbytidning.se
2025-12-21 20:13:50,215 - INFO - Classification: Tier 4b: Secured Nuclear (Google Search Only)
2025-12-21 20:13:50,730 - INFO - Processing 43/82: Barometern
2025-12-21 20:13:50,730 - INFO - Fetching: https://www.barometern.se/robots.txt
2025-12-21 20:13:50,778 - INFO - Classification: Tier 5: True Nuclear
2025-12-21 20:13:51,291 - INFO - Processing 44/82: Borĺs Tidning
2025-12-21 20:13:51,291 - INFO - Fetching: https://www.bt.se/robots.txt
2025-12-21 20:13:51,362 - INFO - Classification: Tier 5: True Nuclear
2025-12-21 20:13:51,872 - INFO - Processing 45/82: Smĺlandsposten
2025-12-21 20:13:51,872 - INFO - Fetching: https://www.smp.se/robots.txt
2025-12-21 20:13:51,921 - INFO - Classification: Tier 5: True Nuclear
2025-12-21 20:13:52,435 - INFO - Processing 46/82: Blekinge Läns Tidning
2025-12-21 20:13:52,435 - INFO - Fetching: https://www.blt.se/robots.txt
2025-12-21 20:13:52,482 - INFO - Classification: Tier 5: True Nuclear
2025-12-21 20:13:52,994 - INFO - Processing 47/82: Kristianstadsbladet
2025-12-21 20:13:52,994 - INFO - Fetching: https://www.kristianstadsbladet.se/robots.txt
2025-12-21 20:13:53,055 - INFO - Classification: Tier 5: True Nuclear
2025-12-21 20:13:53,559 - INFO - Processing 48/82: Trelleborgs Allehanda
2025-12-21 20:13:53,559 - INFO - Fetching: https://www.trelleborgsallehanda.se/robots.txt
2025-12-21 20:13:53,611 - INFO - Classification: Tier 5: True Nuclear
2025-12-21 20:13:54,122 - INFO - Processing 49/82: Ystads Allehanda
2025-12-21 20:13:54,122 - INFO - Fetching: https://www.ystadsallehanda.se/robots.txt
2025-12-21 20:13:54,174 - INFO - Classification: Tier 5: True Nuclear
2025-12-21 20:13:54,679 - INFO - Processing 50/82: Ölandsbladet
2025-12-21 20:13:54,679 - INFO - Fetching: https://www.olandsbladet.se/robots.txt
2025-12-21 20:13:54,738 - INFO - Classification: Tier 5: True Nuclear
2025-12-21 20:13:55,240 - INFO - Processing 51/82: Smĺlands Dagblad
2025-12-21 20:13:55,240 - INFO - Fetching: https://www.smalandsdagblad.se/robots.txt
2025-12-21 20:13:55,318 - INFO - Classification: Tier 5: True Nuclear
2025-12-21 20:13:55,820 - INFO - Processing 52/82: Ulricehamns Tidning
2025-12-21 20:13:55,820 - INFO - Fetching: https://www.ut.se/robots.txt
2025-12-21 20:13:55,887 - INFO - Classification: Tier 5: True Nuclear
2025-12-21 20:13:56,396 - INFO - Processing 53/82: Sydöstran
2025-12-21 20:13:56,396 - INFO - Fetching: https://www.sydostran.se/robots.txt
2025-12-21 20:13:56,468 - INFO - Classification: Tier 5: True Nuclear
2025-12-21 20:13:56,970 - INFO - Processing 54/82: Göteborgs-Posten
2025-12-21 20:13:56,970 - INFO - Fetching: https://www.gp.se/robots.txt
2025-12-21 20:13:57,052 - INFO - Classification: Tier 5: True Nuclear
2025-12-21 20:13:57,557 - INFO - Processing 55/82: Bohusläningen
2025-12-21 20:13:57,557 - INFO - Fetching: https://www.bohuslaningen.se/robots.txt
2025-12-21 20:13:57,710 - INFO - Classification: Tier 3: Surgical (Secure)
2025-12-21 20:13:58,223 - INFO - Processing 56/82: Hallands Nyheter
2025-12-21 20:13:58,224 - INFO - Fetching: https://www.hn.se/robots.txt
2025-12-21 20:13:58,354 - INFO - Classification: Tier 3: Surgical (Secure)
2025-12-21 20:13:58,867 - INFO - Processing 57/82: Hallands-Posten
2025-12-21 20:13:58,867 - INFO - Fetching: https://www.hallandsposten.se/robots.txt
2025-12-21 20:13:58,995 - INFO - Classification: Tier 3: Surgical (Secure)
2025-12-21 20:13:59,508 - INFO - Processing 58/82: TTELA
2025-12-21 20:13:59,508 - INFO - Fetching: https://www.ttela.se/robots.txt
2025-12-21 20:13:59,621 - INFO - Classification: Tier 3: Surgical (Secure)
2025-12-21 20:14:00,124 - INFO - Processing 59/82: Strömstads Tidning
2025-12-21 20:14:00,124 - INFO - Fetching: https://www.stromstadstidning.se/robots.txt
2025-12-21 20:14:00,267 - INFO - Classification: Tier 3: Surgical (Secure)
2025-12-21 20:14:00,772 - INFO - Processing 60/82: Nya Wermlands-Tidningen
2025-12-21 20:14:00,772 - INFO - Fetching: https://www.nwt.se/robots.txt
2025-12-21 20:14:00,875 - INFO - Classification: Tier 5: True Nuclear
2025-12-21 20:14:01,384 - INFO - Processing 61/82: Skaraborgs Allehanda
2025-12-21 20:14:01,384 - INFO - Fetching: https://www.sla.se/robots.txt
2025-12-21 20:14:01,486 - INFO - Classification: Tier 5: True Nuclear
2025-12-21 20:14:01,993 - INFO - Processing 62/82: Mariestads-Tidningen
2025-12-21 20:14:01,993 - INFO - Fetching: https://www.mariestadstidningen.se/robots.txt
2025-12-21 20:14:02,110 - INFO - Classification: Tier 5: True Nuclear
2025-12-21 20:14:02,611 - INFO - Processing 63/82: KT-Kuriren
2025-12-21 20:14:02,611 - INFO - Fetching: https://www.kt-kuriren.se/robots.txt
2025-12-21 20:14:02,724 - INFO - Classification: Tier 5: True Nuclear
2025-12-21 20:14:03,226 - INFO - Processing 64/82: Filipstads Tidning
2025-12-21 20:14:03,226 - INFO - Fetching: https://www.filipstadstidning.se/robots.txt
2025-12-21 20:14:03,371 - INFO - Classification: Tier 5: True Nuclear
2025-12-21 20:14:03,877 - INFO - Processing 65/82: Fryksdalsbygden
2025-12-21 20:14:03,877 - INFO - Fetching: https://www.fryksdalsbygden.se/robots.txt
2025-12-21 20:14:04,012 - INFO - Classification: Tier 5: True Nuclear
2025-12-21 20:14:04,516 - INFO - Processing 66/82: Jönköpings-Posten
2025-12-21 20:14:04,516 - INFO - Fetching: https://www.jp.se/robots.txt
2025-12-21 20:14:04,593 - INFO - Classification: Tier 5: True Nuclear
2025-12-21 20:14:05,096 - INFO - Processing 67/82: Värnamo Nyheter
2025-12-21 20:14:05,096 - INFO - Fetching: https://www.vn.se/robots.txt
2025-12-21 20:14:05,165 - INFO - Classification: Tier 5: True Nuclear
2025-12-21 20:14:05,667 - INFO - Processing 68/82: Smĺlands-Tidningen
2025-12-21 20:14:05,667 - INFO - Fetching: https://www.smt.se/robots.txt
2025-12-21 20:14:05,738 - INFO - Classification: Tier 5: True Nuclear
2025-12-21 20:14:06,244 - INFO - Processing 69/82: Tranĺs Tidning
2025-12-21 20:14:06,244 - INFO - Fetching: https://www.tranastidning.se/robots.txt
2025-12-21 20:14:06,309 - INFO - Classification: Tier 5: True Nuclear
2025-12-21 20:14:06,818 - INFO - Processing 70/82: Vetlanda-Posten
2025-12-21 20:14:06,818 - INFO - Fetching: https://www.vetlandaposten.se/robots.txt
2025-12-21 20:14:06,891 - INFO - Classification: Tier 5: True Nuclear
2025-12-21 20:14:07,393 - INFO - Processing 71/82: SVT Nyheter
2025-12-21 20:14:07,393 - INFO - Fetching: https://www.svt.se/robots.txt
2025-12-21 20:14:07,439 - INFO - Classification: Tier 3: Surgical (Secure)
2025-12-21 20:14:07,955 - INFO - Processing 72/82: Sveriges Radio
2025-12-21 20:14:07,955 - INFO - Fetching: https://sverigesradio.se/robots.txt
2025-12-21 20:14:08,976 - INFO - Redirect detected: sverigesradio.se -> www.sverigesradio.se
2025-12-21 20:14:08,976 - INFO - Classification: Tier 5: True Nuclear
2025-12-21 20:14:09,486 - INFO - Processing 73/82: UR
2025-12-21 20:14:09,486 - INFO - Fetching: https://www.ur.se/robots.txt
2025-12-21 20:14:09,570 - INFO - Classification: Tier 5: True Nuclear
2025-12-21 20:14:10,082 - INFO - Processing 74/82: Dagens ETC
2025-12-21 20:14:10,082 - INFO - Fetching: https://www.etc.se/robots.txt
2025-12-21 20:14:10,222 - INFO - Classification: Tier 5: True Nuclear
2025-12-21 20:14:10,725 - INFO - Processing 75/82: Fria Tider
2025-12-21 20:14:10,725 - INFO - Fetching: https://www.friatider.se/robots.txt
2025-12-21 20:14:10,840 - INFO - Classification: Tier 5: True Nuclear
2025-12-21 20:14:11,346 - INFO - Processing 76/82: Samnytt
2025-12-21 20:14:11,346 - INFO - Fetching: https://samnytt.se/robots.txt
2025-12-21 20:14:11,472 - INFO - Classification: Tier 1: Open
2025-12-21 20:14:11,976 - INFO - Processing 77/82: Bulletin
2025-12-21 20:14:11,976 - INFO - Fetching: https://bulletin.nu/robots.txt
2025-12-21 20:14:12,090 - INFO - Classification: Tier 5: True Nuclear
2025-12-21 20:14:12,591 - INFO - Processing 78/82: Syre
2025-12-21 20:14:12,591 - INFO - Fetching: https://tidningensyre.se/robots.txt
2025-12-21 20:14:12,908 - INFO - Classification: Tier 5: True Nuclear
2025-12-21 20:14:13,415 - INFO - Processing 79/82: Nyheter Idag
2025-12-21 20:14:13,415 - INFO - Fetching: https://nyheteridag.se/robots.txt
2025-12-21 20:14:13,501 - INFO - Classification: Tier 5: True Nuclear
2025-12-21 20:14:14,016 - INFO - Processing 80/82: Västerbottens-Kuriren
2025-12-21 20:14:14,016 - INFO - Fetching: https://www.vk.se/robots.txt
2025-12-21 20:14:14,156 - INFO - Classification: Tier 5: True Nuclear
2025-12-21 20:14:14,662 - INFO - Processing 81/82: Norra Skĺne
2025-12-21 20:14:14,662 - INFO - Fetching: https://www.nsk.se/robots.txt
2025-12-21 20:14:14,712 - INFO - Classification: Tier 5: True Nuclear
2025-12-21 20:14:15,222 - INFO - Processing 82/82: Skĺnska Dagbladet
2025-12-21 20:14:15,222 - INFO - Fetching: https://www.skd.se/robots.txt
2025-12-21 20:14:15,410 - INFO - Classification: Tier 5: True Nuclear
2025-12-21 20:14:15,926 - INFO - Exporting results to raw_results.csv
2025-12-21 20:14:15,949 - INFO - Analysis pipeline completed successfully
